<?xml version="1.0" encoding="UTF-8"?>
<testng-results ignored="0" total="1" passed="1" failed="0" skipped="0">
  <reporter-output>
  </reporter-output>
  <suite started-at="2022-10-04T20:26:40 IST" name="Suite" finished-at="2022-10-04T20:27:26 IST" duration-ms="45997">
    <groups>
    </groups>
    <test started-at="2022-10-04T20:26:40 IST" name="Test" finished-at="2022-10-04T20:27:26 IST" duration-ms="45997">
      <class name="selenium_practice.CrossBrowser">
        <test-method signature="launchApp(java.lang.String)[pri:0, instance:selenium_practice.CrossBrowser@7c24b813]" started-at="2022-10-04T20:26:40 IST" name="launchApp" finished-at="2022-10-04T20:27:26 IST" duration-ms="45962" status="PASS">
          <params>
            <param index="0">
              <value>
                <![CDATA[chrome]]>
              </value>
            </param>
          </params>
          <reporter-output>
          </reporter-output>
        </test-method> <!-- launchApp -->
      </class> <!-- selenium_practice.CrossBrowser -->
    </test> <!-- Test -->
  </suite> <!-- Suite -->
</testng-results>
